<?xml version="1.0" encoding="UTF-8"?>
<testsuite xmlns:xsi="http://www.w3.org/2001/XMLSchema-instance" xsi:noNamespaceSchemaLocation="https://maven.apache.org/surefire/maven-surefire-plugin/xsd/surefire-test-report-3.0.xsd" version="3.0" name="PlatilloCrudTest" time="0.037" tests="5" errors="0" skipped="0" failures="0">
  <properties>
[...]
</properties>
  <testcase name="test_agregar_varios_platillos_debe_guardarlos_todos_en_menu" classname="PlatilloCrudTest" time="0.008"/>
  <testcase name="test_menu_inicial_debe_estar_vacio" classname="PlatilloCrudTest" time="0.004"/>
  <testcase name="test_crear_platillo_sin_descripcion_debe_lanzar_excepcion" classname="PlatilloCrudTest" time="0.004"/>
  <testcase name="test_crear_platillo_sin_nombre_debe_lanzar_excepcion" classname="PlatilloCrudTest" time="0.004"/>
  <testcase name="test_crear_platillo_valido_debe_agregarse_al_menu" classname="PlatilloCrudTest" time="0.002"/>
</testsuite>